<?xml version="1.0" encoding="UTF-8"?>
<beans xmlns="http://www.springframework.org/schema/beans"
    xmlns:xsi="http://www.w3.org/2001/XMLSchema-instance"
    xmlns:context="http://www.springframework.org/schema/context"
    xsi:schemaLocation="http://www.springframework.org/schema/beans
        http://www.springframework.org/schema/beans/spring-beans.xsd
        http://www.springframework.org/schema/context
        http://www.springframework.org/schema/context/spring-context.xsd">
        
        
	<bean id="parameterProviderDto" class="com.techinars.junitUpgrade.utility.dto.ParameterProviderDto" >
		<property name="divisor" value="5" />
		<property name="dividend" value="25" />
	</bean>

    <context:annotation-config />

</beans>
